<?xml version="1.0" encoding="UTF-8"?>
<testsuite xmlns:xsi="http://www.w3.org/2001/XMLSchema-instance" xsi:noNamespaceSchemaLocation="https://maven.apache.org/surefire/maven-surefire-plugin/xsd/surefire-test-report-3.0.xsd" version="3.0" name="gr2313.booking.RoomTest" time="0.037" tests="7" errors="0" skipped="0" failures="0">
  <properties>
    <property name="java.specification.version" value="20"/>
    <property name="sun.jnu.encoding" value="UTF-8"/>
    <property name="java.class.path" value="/Users/olavassbotn/Documents/NTNU/H23/ITP1/Prosjekt/gr2313/booking-gr2313/target/test-classes:/Users/olavassbotn/.m2/repository/org/openjfx/javafx-controls/20/javafx-controls-20.jar:/Users/olavassbotn/.m2/repository/org/openjfx/javafx-graphics/20/javafx-graphics-20.jar:/Users/olavassbotn/.m2/repository/org/openjfx/javafx-base/20/javafx-base-20.jar:/Users/olavassbotn/.m2/repository/org/openjfx/javafx-fxml/20/javafx-fxml-20.jar:/Users/olavassbotn/.m2/repository/org/junit/jupiter/junit-jupiter-api/5.10.0/junit-jupiter-api-5.10.0.jar:/Users/olavassbotn/.m2/repository/org/opentest4j/opentest4j/1.3.0/opentest4j-1.3.0.jar:/Users/olavassbotn/.m2/repository/org/junit/platform/junit-platform-commons/1.10.0/junit-platform-commons-1.10.0.jar:/Users/olavassbotn/.m2/repository/org/apiguardian/apiguardian-api/1.1.2/apiguardian-api-1.1.2.jar:/Users/olavassbotn/.m2/repository/org/junit/jupiter/junit-jupiter-engine/5.10.0/junit-jupiter-engine-5.10.0.jar:/Users/olavassbotn/.m2/repository/org/junit/platform/junit-platform-engine/1.10.0/junit-platform-engine-1.10.0.jar:/Users/olavassbotn/.m2/repository/org/junit/jupiter/junit-jupiter-params/5.10.0/junit-jupiter-params-5.10.0.jar:/Users/olavassbotn/.m2/repository/org/testfx/testfx-core/4.0.16-alpha/testfx-core-4.0.16-alpha.jar:/Users/olavassbotn/.m2/repository/org/hamcrest/hamcrest-core/1.3/hamcrest-core-1.3.jar:/Users/olavassbotn/.m2/repository/org/assertj/assertj-core/3.13.2/assertj-core-3.13.2.jar:/Users/olavassbotn/.m2/repository/org/testfx/testfx-junit5/4.0.16-alpha/testfx-junit5-4.0.16-alpha.jar:/Users/olavassbotn/.m2/repository/org/hamcrest/hamcrest/2.2/hamcrest-2.2.jar:"/>
    <property name="java.vm.vendor" value="Oracle Corporation"/>
    <property name="sun.arch.data.model" value="64"/>
    <property name="java.vendor.url" value="https://java.oracle.com/"/>
    <property name="os.name" value="Mac OS X"/>
    <property name="java.vm.specification.version" value="20"/>
    <property name="sun.java.launcher" value="SUN_STANDARD"/>
    <property name="user.country" value="NO"/>
    <property name="sun.boot.library.path" value="/Users/olavassbotn/.sdkman/candidates/java/20.0.2-oracle/lib"/>
    <property name="sun.java.command" value="org.apache.maven.surefire.booter.ForkedBooter /Users/olavassbotn/Documents/NTNU/H23/ITP1/Prosjekt/gr2313/booking-gr2313/target/surefire 2023-09-18T13-52-20_043-jvmRun1 surefire-20230918135220191_1tmp surefire_0-20230918135220191_2tmp"/>
    <property name="jdk.debug" value="release"/>
    <property name="surefire.test.class.path" value="/Users/olavassbotn/Documents/NTNU/H23/ITP1/Prosjekt/gr2313/booking-gr2313/target/test-classes:/Users/olavassbotn/.m2/repository/org/openjfx/javafx-controls/20/javafx-controls-20.jar:/Users/olavassbotn/.m2/repository/org/openjfx/javafx-graphics/20/javafx-graphics-20.jar:/Users/olavassbotn/.m2/repository/org/openjfx/javafx-base/20/javafx-base-20.jar:/Users/olavassbotn/.m2/repository/org/openjfx/javafx-fxml/20/javafx-fxml-20.jar:/Users/olavassbotn/.m2/repository/org/junit/jupiter/junit-jupiter-api/5.10.0/junit-jupiter-api-5.10.0.jar:/Users/olavassbotn/.m2/repository/org/opentest4j/opentest4j/1.3.0/opentest4j-1.3.0.jar:/Users/olavassbotn/.m2/repository/org/junit/platform/junit-platform-commons/1.10.0/junit-platform-commons-1.10.0.jar:/Users/olavassbotn/.m2/repository/org/apiguardian/apiguardian-api/1.1.2/apiguardian-api-1.1.2.jar:/Users/olavassbotn/.m2/repository/org/junit/jupiter/junit-jupiter-engine/5.10.0/junit-jupiter-engine-5.10.0.jar:/Users/olavassbotn/.m2/repository/org/junit/platform/junit-platform-engine/1.10.0/junit-platform-engine-1.10.0.jar:/Users/olavassbotn/.m2/repository/org/junit/jupiter/junit-jupiter-params/5.10.0/junit-jupiter-params-5.10.0.jar:/Users/olavassbotn/.m2/repository/org/testfx/testfx-core/4.0.16-alpha/testfx-core-4.0.16-alpha.jar:/Users/olavassbotn/.m2/repository/org/hamcrest/hamcrest-core/1.3/hamcrest-core-1.3.jar:/Users/olavassbotn/.m2/repository/org/assertj/assertj-core/3.13.2/assertj-core-3.13.2.jar:/Users/olavassbotn/.m2/repository/org/testfx/testfx-junit5/4.0.16-alpha/testfx-junit5-4.0.16-alpha.jar:/Users/olavassbotn/.m2/repository/org/hamcrest/hamcrest/2.2/hamcrest-2.2.jar:"/>
    <property name="sun.cpu.endian" value="little"/>
    <property name="user.home" value="/Users/olavassbotn"/>
    <property name="user.language" value="en"/>
    <property name="java.specification.vendor" value="Oracle Corporation"/>
    <property name="jdk.module.path" value="/Users/olavassbotn/Documents/NTNU/H23/ITP1/Prosjekt/gr2313/booking-gr2313/target/classes:/Users/olavassbotn/.m2/repository/org/openjfx/javafx-controls/20/javafx-controls-20-mac-aarch64.jar:/Users/olavassbotn/.m2/repository/org/openjfx/javafx-graphics/20/javafx-graphics-20-mac-aarch64.jar:/Users/olavassbotn/.m2/repository/org/openjfx/javafx-base/20/javafx-base-20-mac-aarch64.jar:/Users/olavassbotn/.m2/repository/org/openjfx/javafx-fxml/20/javafx-fxml-20-mac-aarch64.jar"/>
    <property name="java.version.date" value="2023-07-18"/>
    <property name="java.home" value="/Users/olavassbotn/.sdkman/candidates/java/20.0.2-oracle"/>
    <property name="file.separator" value="/"/>
    <property name="basedir" value="/Users/olavassbotn/Documents/NTNU/H23/ITP1/Prosjekt/gr2313/booking-gr2313"/>
    <property name="java.vm.compressedOopsMode" value="Zero based"/>
    <property name="line.separator" value="&#10;"/>
    <property name="java.specification.name" value="Java Platform API Specification"/>
    <property name="java.vm.specification.vendor" value="Oracle Corporation"/>
    <property name="apple.awt.application.name" value="ForkedBooter"/>
    <property name="surefire.real.class.path" value="/Users/olavassbotn/.m2/repository/org/apache/maven/surefire/surefire-api/3.1.2/surefire-api-3.1.2.jar:/Users/olavassbotn/.m2/repository/org/apache/maven/surefire/surefire-booter/3.1.2/surefire-booter-3.1.2.jar:/Users/olavassbotn/.m2/repository/org/apache/maven/surefire/surefire-extensions-spi/3.1.2/surefire-extensions-spi-3.1.2.jar:/Users/olavassbotn/.m2/repository/org/apache/maven/surefire/surefire-logger-api/3.1.2/surefire-logger-api-3.1.2.jar:/Users/olavassbotn/.m2/repository/org/apache/maven/surefire/surefire-shared-utils/3.1.2/surefire-shared-utils-3.1.2.jar:/Users/olavassbotn/Documents/NTNU/H23/ITP1/Prosjekt/gr2313/booking-gr2313/target/test-classes:/Users/olavassbotn/.m2/repository/org/openjfx/javafx-controls/20/javafx-controls-20.jar:/Users/olavassbotn/.m2/repository/org/openjfx/javafx-graphics/20/javafx-graphics-20.jar:/Users/olavassbotn/.m2/repository/org/openjfx/javafx-base/20/javafx-base-20.jar:/Users/olavassbotn/.m2/repository/org/openjfx/javafx-fxml/20/javafx-fxml-20.jar:/Users/olavassbotn/.m2/repository/org/junit/jupiter/junit-jupiter-api/5.10.0/junit-jupiter-api-5.10.0.jar:/Users/olavassbotn/.m2/repository/org/opentest4j/opentest4j/1.3.0/opentest4j-1.3.0.jar:/Users/olavassbotn/.m2/repository/org/junit/platform/junit-platform-commons/1.10.0/junit-platform-commons-1.10.0.jar:/Users/olavassbotn/.m2/repository/org/apiguardian/apiguardian-api/1.1.2/apiguardian-api-1.1.2.jar:/Users/olavassbotn/.m2/repository/org/junit/jupiter/junit-jupiter-engine/5.10.0/junit-jupiter-engine-5.10.0.jar:/Users/olavassbotn/.m2/repository/org/junit/platform/junit-platform-engine/1.10.0/junit-platform-engine-1.10.0.jar:/Users/olavassbotn/.m2/repository/org/junit/jupiter/junit-jupiter-params/5.10.0/junit-jupiter-params-5.10.0.jar:/Users/olavassbotn/.m2/repository/org/testfx/testfx-core/4.0.16-alpha/testfx-core-4.0.16-alpha.jar:/Users/olavassbotn/.m2/repository/org/hamcrest/hamcrest-core/1.3/hamcrest-core-1.3.jar:/Users/olavassbotn/.m2/repository/org/assertj/assertj-core/3.13.2/assertj-core-3.13.2.jar:/Users/olavassbotn/.m2/repository/org/testfx/testfx-junit5/4.0.16-alpha/testfx-junit5-4.0.16-alpha.jar:/Users/olavassbotn/.m2/repository/org/hamcrest/hamcrest/2.2/hamcrest-2.2.jar:/Users/olavassbotn/.m2/repository/org/apache/maven/surefire/surefire-junit-platform/3.1.2/surefire-junit-platform-3.1.2.jar:/Users/olavassbotn/.m2/repository/org/apache/maven/surefire/common-java5/3.1.2/common-java5-3.1.2.jar:/Users/olavassbotn/.m2/repository/org/junit/platform/junit-platform-launcher/1.10.0/junit-platform-launcher-1.10.0.jar"/>
    <property name="sun.management.compiler" value="HotSpot 64-Bit Tiered Compilers"/>
    <property name="java.runtime.version" value="20.0.2+9-78"/>
    <property name="user.name" value="olavassbotn"/>
    <property name="stdout.encoding" value="UTF-8"/>
    <property name="path.separator" value=":"/>
    <property name="os.version" value="13.5.1"/>
    <property name="java.runtime.name" value="Java(TM) SE Runtime Environment"/>
    <property name="file.encoding" value="UTF-8"/>
    <property name="java.vm.name" value="Java HotSpot(TM) 64-Bit Server VM"/>
    <property name="localRepository" value="/Users/olavassbotn/.m2/repository"/>
    <property name="java.vendor.url.bug" value="https://bugreport.java.com/bugreport/"/>
    <property name="java.io.tmpdir" value="/var/folders/t3/k5md_1tn5k1_rg42n_4gc8rr0000gn/T/"/>
    <property name="java.version" value="20.0.2"/>
    <property name="user.dir" value="/Users/olavassbotn/Documents/NTNU/H23/ITP1/Prosjekt/gr2313/booking-gr2313"/>
    <property name="os.arch" value="aarch64"/>
    <property name="java.vm.specification.name" value="Java Virtual Machine Specification"/>
    <property name="native.encoding" value="UTF-8"/>
    <property name="java.library.path" value="/Users/olavassbotn/Library/Java/Extensions:/Library/Java/Extensions:/Network/Library/Java/Extensions:/System/Library/Java/Extensions:/usr/lib/java:."/>
    <property name="java.vm.info" value="mixed mode"/>
    <property name="stderr.encoding" value="UTF-8"/>
    <property name="java.vendor" value="Oracle Corporation"/>
    <property name="java.vm.version" value="20.0.2+9-78"/>
    <property name="sun.io.unicode.encoding" value="UnicodeBig"/>
    <property name="java.class.version" value="64.0"/>
  </properties>
  <testcase name="testBookedTo" classname="gr2313.booking.RoomTest" time="0.016"/>
  <testcase name="testToString" classname="gr2313.booking.RoomTest" time="0.005"/>
  <testcase name="testBooking" classname="gr2313.booking.RoomTest" time="0.001"/>
  <testcase name="testRoomNumber" classname="gr2313.booking.RoomTest" time="0.0"/>
  <testcase name="testRoomCapacity" classname="gr2313.booking.RoomTest" time="0.0"/>
  <testcase name="testPricePerNight" classname="gr2313.booking.RoomTest" time="0.0"/>
  <testcase name="testBookedFrom" classname="gr2313.booking.RoomTest" time="0.001"/>
</testsuite>