<?xml version="1.0" encoding="UTF-8" ?>
<testsuite tests="7" failures="7" name="gr2313.booking.RoomTest" time="0.005" errors="0" skipped="0">
  <properties>
    <property name="java.runtime.name" value="Java(TM) SE Runtime Environment"/>
    <property name="java.vm.version" value="20.0.2+9-78"/>
    <property name="sun.boot.library.path" value="/Users/jorgentexmo/.sdkman/candidates/java/20.0.2-oracle/lib"/>
    <property name="maven.multiModuleProjectDirectory" value="/Users/jorgentexmo/Documents/FAG/Høst 2023/ITP/gr2313/booking-gr2313"/>
    <property name="java.vm.vendor" value="Oracle Corporation"/>
    <property name="java.vendor.url" value="https://java.oracle.com/"/>
    <property name="guice.disable.misplaced.annotation.check" value="true"/>
    <property name="path.separator" value=":"/>
    <property name="java.vm.name" value="Java HotSpot(TM) 64-Bit Server VM"/>
    <property name="user.country" value="NO"/>
    <property name="sun.java.launcher" value="SUN_STANDARD"/>
    <property name="java.vm.specification.name" value="Java Virtual Machine Specification"/>
    <property name="user.dir" value="/Users/jorgentexmo/Documents/FAG/Høst 2023/ITP/gr2313/booking-gr2313"/>
    <property name="java.vm.compressedOopsMode" value="Zero based"/>
    <property name="java.runtime.version" value="20.0.2+9-78"/>
    <property name="os.arch" value="aarch64"/>
    <property name="java.io.tmpdir" value="/var/folders/68/y_9933716tx8qvkb8dmq13400000gn/T/"/>
    <property name="line.separator" value="
"/>
    <property name="java.vm.specification.vendor" value="Oracle Corporation"/>
    <property name="stderr.encoding" value="US-ASCII"/>
    <property name="os.name" value="Mac OS X"/>
    <property name="classworlds.conf" value="/opt/homebrew/Cellar/maven/3.8.7/libexec/bin/m2.conf"/>
    <property name="sun.jnu.encoding" value="UTF-8"/>
    <property name="stdout.encoding" value="US-ASCII"/>
    <property name="java.library.path" value="/Users/jorgentexmo/Library/Java/Extensions:/Library/Java/Extensions:/Network/Library/Java/Extensions:/System/Library/Java/Extensions:/usr/lib/java:."/>
    <property name="maven.conf" value="/opt/homebrew/Cellar/maven/3.8.7/libexec/conf"/>
    <property name="jdk.debug" value="release"/>
    <property name="java.class.version" value="64.0"/>
    <property name="java.specification.name" value="Java Platform API Specification"/>
    <property name="sun.management.compiler" value="HotSpot 64-Bit Tiered Compilers"/>
    <property name="os.version" value="13.2.1"/>
    <property name="library.jansi.path" value="/opt/homebrew/Cellar/maven/3.8.7/libexec/lib/jansi-native"/>
    <property name="user.home" value="/Users/jorgentexmo"/>
    <property name="user.timezone" value="Europe/Oslo"/>
    <property name="file.encoding" value="UTF-8"/>
    <property name="java.specification.version" value="20"/>
    <property name="user.name" value="jorgentexmo"/>
    <property name="java.class.path" value="/opt/homebrew/Cellar/maven/3.8.7/libexec/boot/plexus-classworlds-2.6.0.jar"/>
    <property name="java.vm.specification.version" value="20"/>
    <property name="sun.arch.data.model" value="64"/>
    <property name="sun.java.command" value="org.codehaus.plexus.classworlds.launcher.Launcher test"/>
    <property name="java.home" value="/Users/jorgentexmo/.sdkman/candidates/java/20.0.2-oracle"/>
    <property name="apple.awt.application.name" value="Launcher"/>
    <property name="user.language" value="nb"/>
    <property name="java.specification.vendor" value="Oracle Corporation"/>
    <property name="java.vm.info" value="mixed mode, sharing"/>
    <property name="java.version" value="20.0.2"/>
    <property name="native.encoding" value="US-ASCII"/>
    <property name="java.vendor" value="Oracle Corporation"/>
    <property name="maven.home" value="/opt/homebrew/Cellar/maven/3.8.7/libexec"/>
    <property name="file.separator" value="/"/>
    <property name="java.version.date" value="2023-07-18"/>
    <property name="java.vendor.url.bug" value="https://bugreport.java.com/bugreport/"/>
    <property name="sun.io.unicode.encoding" value="UnicodeBig"/>
    <property name="sun.cpu.endian" value="little"/>
  </properties>
  <testcase classname="gr2313.booking.RoomTest" name="gr2313.booking.RoomTest.testToString" time="0.003">
    <failure message="Cannot invoke &quot;gr2313.booking.Room.toString()&quot; because &quot;this.r1&quot; is null" type="java.lang.NullPointerException">java.lang.NullPointerException: Cannot invoke &quot;gr2313.booking.Room.toString()&quot; because &quot;this.r1&quot; is null
	at gr2313.booking.RoomTest.testToString(RoomTest.java:28)
</failure>
  </testcase>
  <testcase classname="gr2313.booking.RoomTest" name="gr2313.booking.RoomTest.testBooking" time="0">
    <failure message="Cannot invoke &quot;gr2313.booking.Room.bookRoom(java.time.LocalDateTime, java.time.LocalDateTime)&quot; because &quot;this.r1&quot; is null" type="java.lang.NullPointerException">java.lang.NullPointerException: Cannot invoke &quot;gr2313.booking.Room.bookRoom(java.time.LocalDateTime, java.time.LocalDateTime)&quot; because &quot;this.r1&quot; is null
	at gr2313.booking.RoomTest.testBooking(RoomTest.java:33)
</failure>
  </testcase>
  <testcase classname="gr2313.booking.RoomTest" name="gr2313.booking.RoomTest.testBookedFrom" time="0">
    <failure message="Cannot invoke &quot;gr2313.booking.Room.setBookedFrom(java.time.LocalDateTime)&quot; because &quot;this.r1&quot; is null" type="java.lang.NullPointerException">java.lang.NullPointerException: Cannot invoke &quot;gr2313.booking.Room.setBookedFrom(java.time.LocalDateTime)&quot; because &quot;this.r1&quot; is null
	at gr2313.booking.RoomTest.testBookedFrom(RoomTest.java:45)
</failure>
  </testcase>
  <testcase classname="gr2313.booking.RoomTest" name="gr2313.booking.RoomTest.testBookedTo" time="0">
    <failure message="Cannot invoke &quot;gr2313.booking.Room.setBookedTo(java.time.LocalDateTime)&quot; because &quot;this.r1&quot; is null" type="java.lang.NullPointerException">java.lang.NullPointerException: Cannot invoke &quot;gr2313.booking.Room.setBookedTo(java.time.LocalDateTime)&quot; because &quot;this.r1&quot; is null
	at gr2313.booking.RoomTest.testBookedTo(RoomTest.java:51)
</failure>
  </testcase>
  <testcase classname="gr2313.booking.RoomTest" name="gr2313.booking.RoomTest.testPricePerNight" time="0.002">
    <failure message="Cannot invoke &quot;gr2313.booking.Room.getPricePerNight()&quot; because &quot;this.r1&quot; is null" type="java.lang.NullPointerException">java.lang.NullPointerException: Cannot invoke &quot;gr2313.booking.Room.getPricePerNight()&quot; because &quot;this.r1&quot; is null
	at gr2313.booking.RoomTest.testPricePerNight(RoomTest.java:57)
</failure>
  </testcase>
  <testcase classname="gr2313.booking.RoomTest" name="gr2313.booking.RoomTest.testRoomCapacity" time="0">
    <failure message="Cannot invoke &quot;gr2313.booking.Room.getRoomCapacity()&quot; because &quot;this.r1&quot; is null" type="java.lang.NullPointerException">java.lang.NullPointerException: Cannot invoke &quot;gr2313.booking.Room.getRoomCapacity()&quot; because &quot;this.r1&quot; is null
	at gr2313.booking.RoomTest.testRoomCapacity(RoomTest.java:63)
</failure>
  </testcase>
  <testcase classname="gr2313.booking.RoomTest" name="gr2313.booking.RoomTest.testRoomNumber" time="0">
    <failure message="Cannot invoke &quot;gr2313.booking.Room.getRoomNumber()&quot; because &quot;this.r1&quot; is null" type="java.lang.NullPointerException">java.lang.NullPointerException: Cannot invoke &quot;gr2313.booking.Room.getRoomNumber()&quot; because &quot;this.r1&quot; is null
	at gr2313.booking.RoomTest.testRoomNumber(RoomTest.java:70)
</failure>
  </testcase>
</testsuite>